Сборка начата 12.11.2024 22:38:11.
Уровень детализации журнала: Normal.     1>Проект "C:\лабы\Миронов\KSIS-3sem\6\lab6\lab6\lab6.vcxproj" в узле 2 (целевые объекты Build).
     1>PrepareForBuild:
         Структурированный вывод включен. Форматирование диагностики компилятора будет отражать иерархию ошибок. Подробнее см. https://aka.ms/cpp/structured-output.
       InitializeBuildStatus:
         Создание "x64\Release\lab6.tlog\unsuccessfulbuild", так как было задано "AlwaysCreate".
         Обращение к "x64\Release\lab6.tlog\unsuccessfulbuild".
       ClCompile:
         C:\Program Files\Microsoft Visual Studio\2022\Community\VC\Tools\MSVC\14.41.34120\bin\HostX64\x64\CL.exe /c /Zi /nologo /W3 /WX- /diagnostics:column /sdl /O2 /Oi /GL /D NDEBUG /D _CONSOLE /D _UNICODE /D UNICODE /Gm- /EHsc /MD /GS /Gy /fp:precise /Zc:wchar_t /Zc:forScope /Zc:inline /permissive- /Fo"x64\Release\\" /Fd"x64\Release\vc143.pdb" /external:W3 /Gd /TP /FC /errorReport:prompt main.cpp
         main.cpp
     1>C:\лабы\Миронов\KSIS-3sem\6\lab6\lab6\main.cpp(12,9): warning C4005: IP_DEST_NET_UNREACHABLE: изменение макроопределения
             C:\Program Files (x86)\Windows Kits\10\Include\10.0.22621.0\um\ipexport.h(173,9):
             см. предыдущее определение "IP_DEST_NET_UNREACHABLE"
         
     1>C:\лабы\Миронов\KSIS-3sem\6\lab6\lab6\main.cpp(13,9): warning C4005: IP_DEST_HOST_UNREACHABLE: изменение макроопределения
             C:\Program Files (x86)\Windows Kits\10\Include\10.0.22621.0\um\ipexport.h(174,9):
             см. предыдущее определение "IP_DEST_HOST_UNREACHABLE"
         
     1>C:\лабы\Миронов\KSIS-3sem\6\lab6\lab6\main.cpp(14,9): warning C4005: IP_DEST_PROT_UNREACHABLE: изменение макроопределения
             C:\Program Files (x86)\Windows Kits\10\Include\10.0.22621.0\um\ipexport.h(175,9):
             см. предыдущее определение "IP_DEST_PROT_UNREACHABLE"
         
     1>C:\лабы\Миронов\KSIS-3sem\6\lab6\lab6\main.cpp(15,9): warning C4005: IP_DEST_PORT_UNREACHABLE: изменение макроопределения
             C:\Program Files (x86)\Windows Kits\10\Include\10.0.22621.0\um\ipexport.h(176,9):
             см. предыдущее определение "IP_DEST_PORT_UNREACHABLE"
         
     1>C:\лабы\Миронов\KSIS-3sem\6\lab6\lab6\main.cpp(16,9): warning C4005: IP_REQ_TIMED_OUT: изменение макроопределения
             C:\Program Files (x86)\Windows Kits\10\Include\10.0.22621.0\um\ipexport.h(181,9):
             см. предыдущее определение "IP_REQ_TIMED_OUT"
         
     1>C:\лабы\Миронов\KSIS-3sem\6\lab6\lab6\main.cpp(17,9): warning C4005: IP_BAD_REQ: изменение макроопределения
             C:\Program Files (x86)\Windows Kits\10\Include\10.0.22621.0\um\ipexport.h(182,9):
             см. предыдущее определение "IP_BAD_REQ"
         
     1>C:\лабы\Миронов\KSIS-3sem\6\lab6\lab6\main.cpp(18,9): warning C4005: IP_BAD_ROUTE: изменение макроопределения
             C:\Program Files (x86)\Windows Kits\10\Include\10.0.22621.0\um\ipexport.h(183,9):
             см. предыдущее определение "IP_BAD_ROUTE"
         
     1>C:\лабы\Миронов\KSIS-3sem\6\lab6\lab6\main.cpp(19,9): warning C4005: IP_TTL_EXPIRED_TRANSIT: изменение макроопределения
             C:\Program Files (x86)\Windows Kits\10\Include\10.0.22621.0\um\ipexport.h(184,9):
             см. предыдущее определение "IP_TTL_EXPIRED_TRANSIT"
         
       Link:
         C:\Program Files\Microsoft Visual Studio\2022\Community\VC\Tools\MSVC\14.41.34120\bin\HostX64\x64\link.exe /ERRORREPORT:PROMPT /OUT:"C:\лабы\Миронов\KSIS-3sem\6\lab6\x64\Release\lab6.exe" /NOLOGO kernel32.lib user32.lib gdi32.lib winspool.lib comdlg32.lib advapi32.lib shell32.lib ole32.lib oleaut32.lib uuid.lib odbc32.lib odbccp32.lib /MANIFEST /MANIFESTUAC:"level='asInvoker' uiAccess='false'" /manifest:embed /DEBUG /PDB:"C:\лабы\Миронов\KSIS-3sem\6\lab6\x64\Release\lab6.pdb" /SUBSYSTEM:CONSOLE /OPT:REF /OPT:ICF /LTCG:incremental /LTCGOUT:"x64\Release\lab6.iobj" /TLBID:1 /DYNAMICBASE /NXCOMPAT /IMPLIB:"C:\лабы\Миронов\KSIS-3sem\6\lab6\x64\Release\lab6.lib" /MACHINE:X64 x64\Release\main.obj
         Создание кода
         0 of 42 functions ( 0.0%) were compiled, the rest were copied from previous compilation.
           0 functions were new in current compilation
           0 functions had inline decision re-evaluated but remain unchanged
         Создание кода завершено
         lab6.vcxproj -> C:\лабы\Миронов\KSIS-3sem\6\lab6\x64\Release\lab6.exe
       FinalizeBuildStatus:
         Файл "x64\Release\lab6.tlog\unsuccessfulbuild" удаляется.
         Обращение к "x64\Release\lab6.tlog\lab6.lastbuildstate".
     1>Сборка проекта "C:\лабы\Миронов\KSIS-3sem\6\lab6\lab6\lab6.vcxproj" завершена (целевые объекты Build).

Сборка успешно завершена.

       "C:\лабы\Миронов\KSIS-3sem\6\lab6\lab6\lab6.vcxproj" (целевой объект Build ) (1) ->
       (Целевой объект ClCompile) -> 
         C:\лабы\Миронов\KSIS-3sem\6\lab6\lab6\main.cpp(12,9): warning C4005: IP_DEST_NET_UNREACHABLE: изменение макроопределения
         C:\лабы\Миронов\KSIS-3sem\6\lab6\lab6\main.cpp(13,9): warning C4005: IP_DEST_HOST_UNREACHABLE: изменение макроопределения
         C:\лабы\Миронов\KSIS-3sem\6\lab6\lab6\main.cpp(14,9): warning C4005: IP_DEST_PROT_UNREACHABLE: изменение макроопределения
         C:\лабы\Миронов\KSIS-3sem\6\lab6\lab6\main.cpp(15,9): warning C4005: IP_DEST_PORT_UNREACHABLE: изменение макроопределения
         C:\лабы\Миронов\KSIS-3sem\6\lab6\lab6\main.cpp(16,9): warning C4005: IP_REQ_TIMED_OUT: изменение макроопределения
         C:\лабы\Миронов\KSIS-3sem\6\lab6\lab6\main.cpp(17,9): warning C4005: IP_BAD_REQ: изменение макроопределения
         C:\лабы\Миронов\KSIS-3sem\6\lab6\lab6\main.cpp(18,9): warning C4005: IP_BAD_ROUTE: изменение макроопределения
         C:\лабы\Миронов\KSIS-3sem\6\lab6\lab6\main.cpp(19,9): warning C4005: IP_TTL_EXPIRED_TRANSIT: изменение макроопределения

    Предупреждений: 8
    Ошибок: 0

Прошло времени 00:00:01.18
